[2023-04-17T03:31:55.343079+00:00] main.ERROR: Laminas\Mail\Transport\Exception\RuntimeException: Unable to send mail: Unknown error in /var/www/html/magento2./vendor/laminas/laminas-mail/src/Transport/Sendmail.php:310
Stack trace:
#0 /var/www/html/magento2./vendor/laminas/laminas-mail/src/Transport/Sendmail.php(149): Laminas\Mail\Transport\Sendmail->mailHandler()
#1 /var/www/html/magento2./vendor/magento/module-email/Model/Transport.php(183): Laminas\Mail\Transport\Sendmail->send()
#2 /var/www/html/magento2./vendor/magento/framework/Interception/Interceptor.php(58): Magento\Email\Model\Transport->sendMessage()
#3 /var/www/html/magento2./vendor/magento/framework/Interception/Interceptor.php(138): Magento\Email\Model\Transport\Interceptor->___callParent()
#4 /var/www/html/magento2./vendor/magento/module-customer-sample-data/Magento/Framework/Mail/Transport/MailPlugin.php(32): Magento\Email\Model\Transport\Interceptor->Magento\Framework\Interception\{closure}()
#5 /var/www/html/magento2./vendor/magento/framework/Interception/Interceptor.php(135): Magento\CustomerSampleData\Magento\Framework\Mail\Transport\MailPlugin->aroundSendMessage()
#6 /var/www/html/magento2./vendor/magento/module-email/Model/Mail/TransportInterfacePlugin.php(48): Magento\Email\Model\Transport\Interceptor->Magento\Framework\Interception\{closure}()
#7 /var/www/html/magento2./vendor/magento/framework/Interception/Interceptor.php(135): Magento\Email\Model\Mail\TransportInterfacePlugin->aroundSendMessage()
#8 /var/www/html/magento2./vendor/magento/framework/Interception/Interceptor.php(153): Magento\Email\Model\Transport\Interceptor->Magento\Framework\Interception\{closure}()
#9 /var/www/html/magento2./generated/code/Magento/Email/Model/Transport/Interceptor.php(32): Magento\Email\Model\Transport\Interceptor->___callPlugins()
#10 /var/www/html/magento2./vendor/magento/module-sales/Model/Order/Email/SenderBuilder.php(75): Magento\Email\Model\Transport\Interceptor->sendMessage()
#11 /var/www/html/magento2./vendor/magento/module-sales/Model/Order/Email/Sender.php(86): Magento\Sales\Model\Order\Email\SenderBuilder->send()
#12 /var/www/html/magento2./vendor/magento/module-sales/Model/Order/Email/Sender/OrderSender.php(108): Magento\Sales\Model\Order\Email\Sender->checkAndSend()
#13 /var/www/html/magento2./vendor/magento/module-quote/Observer/SubmitObserver.php(62): Magento\Sales\Model\Order\Email\Sender\OrderSender->send()
#14 /var/www/html/magento2./generated/code/Magento/Quote/Observer/SubmitObserver/Interceptor.php(23): Magento\Quote\Observer\SubmitObserver->execute()
#15 /var/www/html/magento2./vendor/magento/framework/Event/Invoker/InvokerDefault.php(88): Magento\Quote\Observer\SubmitObserver\Interceptor->execute()
#16 /var/www/html/magento2./vendor/magento/framework/Event/Invoker/InvokerDefault.php(74): Magento\Framework\Event\Invoker\InvokerDefault->_callObserverMethod()
#17 /var/www/html/magento2./vendor/magento/framework/Event/Manager.php(65): Magento\Framework\Event\Invoker\InvokerDefault->dispatch()
#18 /var/www/html/magento2./generated/code/Magento/Framework/Event/Manager/Proxy.php(95): Magento\Framework\Event\Manager->dispatch()
#19 /var/www/html/magento2./vendor/magento/module-quote/Model/QuoteManagement.php(630): Magento\Framework\Event\Manager\Proxy->dispatch()
#20 /var/www/html/magento2./vendor/magento/module-quote/Model/QuoteManagement.php(500): Magento\Quote\Model\QuoteManagement->submitQuote()
#21 /var/www/html/magento2./vendor/magento/framework/Interception/Interceptor.php(58): Magento\Quote\Model\QuoteManagement->submit()
#22 /var/www/html/magento2./vendor/magento/framework/Interception/Interceptor.php(138): Magento\Quote\Model\QuoteManagement\Interceptor->___callParent()
#23 /var/www/html/magento2./vendor/magento/module-sales-rule/Plugin/CouponUsagesIncrement.php(54): Magento\Quote\Model\QuoteManagement\Interceptor->Magento\Framework\Interception\{closure}()
#24 /var/www/html/magento2./vendor/magento/framework/Interception/Interceptor.php(135): Magento\SalesRule\Plugin\CouponUsagesIncrement->aroundSubmit()
#25 /var/www/html/magento2./vendor/magento/framework/Interception/Interceptor.php(153): Magento\Quote\Model\QuoteManagement\Interceptor->Magento\Framework\Interception\{closure}()
#26 /var/www/html/magento2./generated/code/Magento/Quote/Model/QuoteManagement/Interceptor.php(68): Magento\Quote\Model\QuoteManagement\Interceptor->___callPlugins()
#27 /var/www/html/magento2./vendor/magento/module-quote/Model/QuoteManagement.php(458): Magento\Quote\Model\QuoteManagement\Interceptor->submit()
#28 /var/www/html/magento2./vendor/magento/framework/Interception/Interceptor.php(58): Magento\Quote\Model\QuoteManagement->placeOrder()
#29 /var/www/html/magento2./vendor/magento/framework/Interception/Interceptor.php(138): Magento\Quote\Model\QuoteManagement\Interceptor->___callParent()
#30 /var/www/html/magento2./vendor/paypal/module-braintree-core/Plugin/OrderCancellation.php(64): Magento\Quote\Model\QuoteManagement\Interceptor->Magento\Framework\Interception\{closure}()
#31 /var/www/html/magento2./vendor/magento/framework/Interception/Interceptor.php(135): PayPal\Braintree\Plugin\OrderCancellation->aroundPlaceOrder()
#32 /var/www/html/magento2./vendor/magento/framework/Interception/Interceptor.php(153): Magento\Quote\Model\QuoteManagement\Interceptor->Magento\Framework\Interception\{closure}()
#33 /var/www/html/magento2./generated/code/Magento/Quote/Model/QuoteManagement/Interceptor.php(50): Magento\Quote\Model\QuoteManagement\Interceptor->___callPlugins()
#34 /var/www/html/magento2./vendor/magento/module-checkout/Model/PaymentInformationManagement.php(152): Magento\Quote\Model\QuoteManagement\Interceptor->placeOrder()
#35 /var/www/html/magento2./vendor/magento/framework/Interception/Interceptor.php(58): Magento\Checkout\Model\PaymentInformationManagement->savePaymentInformationAndPlaceOrder()
#36 /var/www/html/magento2./vendor/magento/framework/Interception/Interceptor.php(138): Magento\Checkout\Model\PaymentInformationManagement\Interceptor->___callParent()
#37 /var/www/html/magento2./vendor/magento/framework/Interception/Interceptor.php(153): Magento\Checkout\Model\PaymentInformationManagement\Interceptor->Magento\Framework\Interception\{closure}()
#38 /var/www/html/magento2./generated/code/Magento/Checkout/Model/PaymentInformationManagement/Interceptor.php(23): Magento\Checkout\Model\PaymentInformationManagement\Interceptor->___callPlugins()
#39 [internal function]: Magento\Checkout\Model\PaymentInformationManagement\Interceptor->savePaymentInformationAndPlaceOrder()
#40 /var/www/html/magento2./vendor/magento/module-webapi/Controller/Rest/SynchronousRequestProcessor.php(95): call_user_func_array()
#41 /var/www/html/magento2./vendor/magento/module-webapi/Controller/Rest.php(202): Magento\Webapi\Controller\Rest\SynchronousRequestProcessor->process()
#42 /var/www/html/magento2./vendor/magento/framework/Interception/Interceptor.php(58): Magento\Webapi\Controller\Rest->dispatch()
#43 /var/www/html/magento2./vendor/magento/framework/Interception/Interceptor.php(138): Magento\Webapi\Controller\Rest\Interceptor->___callParent()
#44 /var/www/html/magento2./vendor/magento/framework/Interception/Interceptor.php(153): Magento\Webapi\Controller\Rest\Interceptor->Magento\Framework\Interception\{closure}()
#45 /var/www/html/magento2./generated/code/Magento/Webapi/Controller/Rest/Interceptor.php(23): Magento\Webapi\Controller\Rest\Interceptor->___callPlugins()
#46 /var/www/html/magento2./vendor/magento/framework/App/Http.php(116): Magento\Webapi\Controller\Rest\Interceptor->dispatch()
#47 /var/www/html/magento2./generated/code/Magento/Framework/App/Http/Interceptor.php(23): Magento\Framework\App\Http->launch()
#48 /var/www/html/magento2./vendor/magento/framework/App/Bootstrap.php(264): Magento\Framework\App\Http\Interceptor->launch()
#49 /var/www/html/magento2./pub/index.php(30): Magento\Framework\App\Bootstrap->run()
#50 {main} {"exception":"[object] (Laminas\\Mail\\Transport\\Exception\\RuntimeException(code: 0): Unable to send mail: Unknown error at /var/www/html/magento2./vendor/laminas/laminas-mail/src/Transport/Sendmail.php:310)"} []
[2023-04-17T10:08:12.228423+00:00] main.ERROR: Laminas\Mail\Transport\Exception\RuntimeException: Unable to send mail: Unknown error in /var/www/html/magento2./vendor/laminas/laminas-mail/src/Transport/Sendmail.php:310
Stack trace:
#0 /var/www/html/magento2./vendor/laminas/laminas-mail/src/Transport/Sendmail.php(149): Laminas\Mail\Transport\Sendmail->mailHandler()
#1 /var/www/html/magento2./vendor/magento/module-email/Model/Transport.php(183): Laminas\Mail\Transport\Sendmail->send()
#2 /var/www/html/magento2./vendor/magento/framework/Interception/Interceptor.php(58): Magento\Email\Model\Transport->sendMessage()
#3 /var/www/html/magento2./vendor/magento/framework/Interception/Interceptor.php(138): Magento\Email\Model\Transport\Interceptor->___callParent()
#4 /var/www/html/magento2./vendor/magento/module-customer-sample-data/Magento/Framework/Mail/Transport/MailPlugin.php(32): Magento\Email\Model\Transport\Interceptor->Magento\Framework\Interception\{closure}()
#5 /var/www/html/magento2./vendor/magento/framework/Interception/Interceptor.php(135): Magento\CustomerSampleData\Magento\Framework\Mail\Transport\MailPlugin->aroundSendMessage()
#6 /var/www/html/magento2./vendor/magento/module-email/Model/Mail/TransportInterfacePlugin.php(48): Magento\Email\Model\Transport\Interceptor->Magento\Framework\Interception\{closure}()
#7 /var/www/html/magento2./vendor/magento/framework/Interception/Interceptor.php(135): Magento\Email\Model\Mail\TransportInterfacePlugin->aroundSendMessage()
#8 /var/www/html/magento2./vendor/magento/framework/Interception/Interceptor.php(153): Magento\Email\Model\Transport\Interceptor->Magento\Framework\Interception\{closure}()
#9 /var/www/html/magento2./generated/code/Magento/Email/Model/Transport/Interceptor.php(32): Magento\Email\Model\Transport\Interceptor->___callPlugins()
#10 /var/www/html/magento2./vendor/magento/module-sales/Model/Order/Email/SenderBuilder.php(75): Magento\Email\Model\Transport\Interceptor->sendMessage()
#11 /var/www/html/magento2./vendor/magento/module-sales/Model/Order/Email/Sender.php(86): Magento\Sales\Model\Order\Email\SenderBuilder->send()
#12 /var/www/html/magento2./vendor/magento/module-sales/Model/Order/Email/Sender/OrderSender.php(108): Magento\Sales\Model\Order\Email\Sender->checkAndSend()
#13 /var/www/html/magento2./vendor/magento/module-quote/Observer/SubmitObserver.php(62): Magento\Sales\Model\Order\Email\Sender\OrderSender->send()
#14 /var/www/html/magento2./generated/code/Magento/Quote/Observer/SubmitObserver/Interceptor.php(23): Magento\Quote\Observer\SubmitObserver->execute()
#15 /var/www/html/magento2./vendor/magento/framework/Event/Invoker/InvokerDefault.php(88): Magento\Quote\Observer\SubmitObserver\Interceptor->execute()
#16 /var/www/html/magento2./vendor/magento/framework/Event/Invoker/InvokerDefault.php(74): Magento\Framework\Event\Invoker\InvokerDefault->_callObserverMethod()
#17 /var/www/html/magento2./vendor/magento/framework/Event/Manager.php(65): Magento\Framework\Event\Invoker\InvokerDefault->dispatch()
#18 /var/www/html/magento2./generated/code/Magento/Framework/Event/Manager/Proxy.php(95): Magento\Framework\Event\Manager->dispatch()
#19 /var/www/html/magento2./vendor/magento/module-quote/Model/QuoteManagement.php(630): Magento\Framework\Event\Manager\Proxy->dispatch()
#20 /var/www/html/magento2./vendor/magento/module-quote/Model/QuoteManagement.php(500): Magento\Quote\Model\QuoteManagement->submitQuote()
#21 /var/www/html/magento2./vendor/magento/framework/Interception/Interceptor.php(58): Magento\Quote\Model\QuoteManagement->submit()
#22 /var/www/html/magento2./vendor/magento/framework/Interception/Interceptor.php(138): Magento\Quote\Model\QuoteManagement\Interceptor->___callParent()
#23 /var/www/html/magento2./vendor/magento/module-sales-rule/Plugin/CouponUsagesIncrement.php(54): Magento\Quote\Model\QuoteManagement\Interceptor->Magento\Framework\Interception\{closure}()
#24 /var/www/html/magento2./vendor/magento/framework/Interception/Interceptor.php(135): Magento\SalesRule\Plugin\CouponUsagesIncrement->aroundSubmit()
#25 /var/www/html/magento2./vendor/magento/framework/Interception/Interceptor.php(153): Magento\Quote\Model\QuoteManagement\Interceptor->Magento\Framework\Interception\{closure}()
#26 /var/www/html/magento2./generated/code/Magento/Quote/Model/QuoteManagement/Interceptor.php(68): Magento\Quote\Model\QuoteManagement\Interceptor->___callPlugins()
#27 /var/www/html/magento2./vendor/magento/module-quote/Model/QuoteManagement.php(458): Magento\Quote\Model\QuoteManagement\Interceptor->submit()
#28 /var/www/html/magento2./vendor/magento/framework/Interception/Interceptor.php(58): Magento\Quote\Model\QuoteManagement->placeOrder()
#29 /var/www/html/magento2./vendor/magento/framework/Interception/Interceptor.php(138): Magento\Quote\Model\QuoteManagement\Interceptor->___callParent()
#30 /var/www/html/magento2./vendor/paypal/module-braintree-core/Plugin/OrderCancellation.php(64): Magento\Quote\Model\QuoteManagement\Interceptor->Magento\Framework\Interception\{closure}()
#31 /var/www/html/magento2./vendor/magento/framework/Interception/Interceptor.php(135): PayPal\Braintree\Plugin\OrderCancellation->aroundPlaceOrder()
#32 /var/www/html/magento2./vendor/magento/framework/Interception/Interceptor.php(153): Magento\Quote\Model\QuoteManagement\Interceptor->Magento\Framework\Interception\{closure}()
#33 /var/www/html/magento2./generated/code/Magento/Quote/Model/QuoteManagement/Interceptor.php(50): Magento\Quote\Model\QuoteManagement\Interceptor->___callPlugins()
#34 /var/www/html/magento2./vendor/magento/module-checkout/Model/PaymentInformationManagement.php(152): Magento\Quote\Model\QuoteManagement\Interceptor->placeOrder()
#35 /var/www/html/magento2./vendor/magento/framework/Interception/Interceptor.php(58): Magento\Checkout\Model\PaymentInformationManagement->savePaymentInformationAndPlaceOrder()
#36 /var/www/html/magento2./vendor/magento/framework/Interception/Interceptor.php(138): Magento\Checkout\Model\PaymentInformationManagement\Interceptor->___callParent()
#37 /var/www/html/magento2./vendor/magento/framework/Interception/Interceptor.php(153): Magento\Checkout\Model\PaymentInformationManagement\Interceptor->Magento\Framework\Interception\{closure}()
#38 /var/www/html/magento2./generated/code/Magento/Checkout/Model/PaymentInformationManagement/Interceptor.php(23): Magento\Checkout\Model\PaymentInformationManagement\Interceptor->___callPlugins()
#39 [internal function]: Magento\Checkout\Model\PaymentInformationManagement\Interceptor->savePaymentInformationAndPlaceOrder()
#40 /var/www/html/magento2./vendor/magento/module-webapi/Controller/Rest/SynchronousRequestProcessor.php(95): call_user_func_array()
#41 /var/www/html/magento2./vendor/magento/module-webapi/Controller/Rest.php(202): Magento\Webapi\Controller\Rest\SynchronousRequestProcessor->process()
#42 /var/www/html/magento2./vendor/magento/framework/Interception/Interceptor.php(58): Magento\Webapi\Controller\Rest->dispatch()
#43 /var/www/html/magento2./vendor/magento/framework/Interception/Interceptor.php(138): Magento\Webapi\Controller\Rest\Interceptor->___callParent()
#44 /var/www/html/magento2./vendor/magento/framework/Interception/Interceptor.php(153): Magento\Webapi\Controller\Rest\Interceptor->Magento\Framework\Interception\{closure}()
#45 /var/www/html/magento2./generated/code/Magento/Webapi/Controller/Rest/Interceptor.php(23): Magento\Webapi\Controller\Rest\Interceptor->___callPlugins()
#46 /var/www/html/magento2./vendor/magento/framework/App/Http.php(116): Magento\Webapi\Controller\Rest\Interceptor->dispatch()
#47 /var/www/html/magento2./generated/code/Magento/Framework/App/Http/Interceptor.php(23): Magento\Framework\App\Http->launch()
#48 /var/www/html/magento2./vendor/magento/framework/App/Bootstrap.php(264): Magento\Framework\App\Http\Interceptor->launch()
#49 /var/www/html/magento2./pub/index.php(30): Magento\Framework\App\Bootstrap->run()
#50 {main} {"exception":"[object] (Laminas\\Mail\\Transport\\Exception\\RuntimeException(code: 0): Unable to send mail: Unknown error at /var/www/html/magento2./vendor/laminas/laminas-mail/src/Transport/Sendmail.php:310)"} []
[2023-04-17T10:36:22.880930+00:00] main.CRITICAL: Exception: Warning: Array to string conversion in /var/www/html/magento2./app/code/Htc/Plugin/Plugin/ExamplePlugin.php on line 21 in /var/www/html/magento2./vendor/magento/framework/App/ErrorHandler.php:62
Stack trace:
#0 /var/www/html/magento2./app/code/Htc/Plugin/Plugin/ExamplePlugin.php(21): Magento\Framework\App\ErrorHandler->handler()
#1 /var/www/html/magento2./vendor/magento/framework/Interception/Interceptor.php(135): Htc\Plugin\Plugin\ExamplePlugin->aroundAddComplexSuccessMessage()
#2 /var/www/html/magento2./vendor/magento/framework/Interception/Interceptor.php(153): Magento\Framework\Message\Manager\Interceptor->Magento\Framework\Interception\{closure}()
#3 /var/www/html/magento2./generated/code/Magento/Framework/Message/Manager/Interceptor.php(194): Magento\Framework\Message\Manager\Interceptor->___callPlugins()
#4 /var/www/html/magento2./vendor/magento/module-checkout/Controller/Cart/Add.php(152): Magento\Framework\Message\Manager\Interceptor->addComplexSuccessMessage()
#5 /var/www/html/magento2./vendor/magento/framework/Interception/Interceptor.php(58): Magento\Checkout\Controller\Cart\Add->execute()
#6 /var/www/html/magento2./vendor/magento/framework/Interception/Interceptor.php(138): Magento\Checkout\Controller\Cart\Add\Interceptor->___callParent()
#7 /var/www/html/magento2./vendor/magento/framework/Interception/Interceptor.php(153): Magento\Checkout\Controller\Cart\Add\Interceptor->Magento\Framework\Interception\{closure}()
#8 /var/www/html/magento2./generated/code/Magento/Checkout/Controller/Cart/Add/Interceptor.php(23): Magento\Checkout\Controller\Cart\Add\Interceptor->___callPlugins()
#9 /var/www/html/magento2./vendor/magento/framework/App/Action/Action.php(111): Magento\Checkout\Controller\Cart\Add\Interceptor->execute()
#10 /var/www/html/magento2./vendor/magento/framework/Interception/Interceptor.php(58): Magento\Framework\App\Action\Action->dispatch()
#11 /var/www/html/magento2./vendor/magento/framework/Interception/Interceptor.php(138): Magento\Checkout\Controller\Cart\Add\Interceptor->___callParent()
#12 /var/www/html/magento2./vendor/magento/framework/Interception/Interceptor.php(153): Magento\Checkout\Controller\Cart\Add\Interceptor->Magento\Framework\Interception\{closure}()
#13 /var/www/html/magento2./generated/code/Magento/Checkout/Controller/Cart/Add/Interceptor.php(32): Magento\Checkout\Controller\Cart\Add\Interceptor->___callPlugins()
#14 /var/www/html/magento2./vendor/magento/framework/App/FrontController.php(245): Magento\Checkout\Controller\Cart\Add\Interceptor->dispatch()
#15 /var/www/html/magento2./vendor/magento/framework/App/FrontController.php(212): Magento\Framework\App\FrontController->getActionResponse()
#16 /var/www/html/magento2./vendor/magento/framework/App/FrontController.php(147): Magento\Framework\App\FrontController->processRequest()
#17 /var/www/html/magento2./vendor/magento/framework/Interception/Interceptor.php(58): Magento\Framework\App\FrontController->dispatch()
#18 /var/www/html/magento2./vendor/magento/framework/Interception/Interceptor.php(138): Magento\Framework\App\FrontController\Interceptor->___callParent()
#19 /var/www/html/magento2./vendor/magento/module-store/App/FrontController/Plugin/RequestPreprocessor.php(99): Magento\Framework\App\FrontController\Interceptor->Magento\Framework\Interception\{closure}()
#20 /var/www/html/magento2./vendor/magento/framework/Interception/Interceptor.php(135): Magento\Store\App\FrontController\Plugin\RequestPreprocessor->aroundDispatch()
#21 /var/www/html/magento2./vendor/magento/module-page-cache/Model/App/FrontController/BuiltinPlugin.php(75): Magento\Framework\App\FrontController\Interceptor->Magento\Framework\Interception\{closure}()
#22 /var/www/html/magento2./vendor/magento/framework/Interception/Interceptor.php(135): Magento\PageCache\Model\App\FrontController\BuiltinPlugin->aroundDispatch()
#23 /var/www/html/magento2./vendor/magento/framework/Interception/Interceptor.php(153): Magento\Framework\App\FrontController\Interceptor->Magento\Framework\Interception\{closure}()
#24 /var/www/html/magento2./generated/code/Magento/Framework/App/FrontController/Interceptor.php(23): Magento\Framework\App\FrontController\Interceptor->___callPlugins()
#25 /var/www/html/magento2./vendor/magento/framework/App/Http.php(116): Magento\Framework\App\FrontController\Interceptor->dispatch()
#26 /var/www/html/magento2./generated/code/Magento/Framework/App/Http/Interceptor.php(23): Magento\Framework\App\Http->launch()
#27 /var/www/html/magento2./vendor/magento/framework/App/Bootstrap.php(264): Magento\Framework\App\Http\Interceptor->launch()
#28 /var/www/html/magento2./pub/index.php(30): Magento\Framework\App\Bootstrap->run()
#29 {main} {"exception":"[object] (Exception(code: 0): Warning: Array to string conversion in /var/www/html/magento2./app/code/Htc/Plugin/Plugin/ExamplePlugin.php on line 21 at /var/www/html/magento2./vendor/magento/framework/App/ErrorHandler.php:62)"} []
[2023-04-17T10:36:26.185235+00:00] main.CRITICAL: Exception: Warning: Array to string conversion in /var/www/html/magento2./app/code/Htc/Plugin/Plugin/ExamplePlugin.php on line 21 in /var/www/html/magento2./vendor/magento/framework/App/ErrorHandler.php:62
Stack trace:
#0 /var/www/html/magento2./app/code/Htc/Plugin/Plugin/ExamplePlugin.php(21): Magento\Framework\App\ErrorHandler->handler()
#1 /var/www/html/magento2./vendor/magento/framework/Interception/Interceptor.php(135): Htc\Plugin\Plugin\ExamplePlugin->aroundAddComplexSuccessMessage()
#2 /var/www/html/magento2./vendor/magento/framework/Interception/Interceptor.php(153): Magento\Framework\Message\Manager\Interceptor->Magento\Framework\Interception\{closure}()
#3 /var/www/html/magento2./generated/code/Magento/Framework/Message/Manager/Interceptor.php(194): Magento\Framework\Message\Manager\Interceptor->___callPlugins()
#4 /var/www/html/magento2./vendor/magento/module-checkout/Controller/Cart/Add.php(152): Magento\Framework\Message\Manager\Interceptor->addComplexSuccessMessage()
#5 /var/www/html/magento2./vendor/magento/framework/Interception/Interceptor.php(58): Magento\Checkout\Controller\Cart\Add->execute()
#6 /var/www/html/magento2./vendor/magento/framework/Interception/Interceptor.php(138): Magento\Checkout\Controller\Cart\Add\Interceptor->___callParent()
#7 /var/www/html/magento2./vendor/magento/framework/Interception/Interceptor.php(153): Magento\Checkout\Controller\Cart\Add\Interceptor->Magento\Framework\Interception\{closure}()
#8 /var/www/html/magento2./generated/code/Magento/Checkout/Controller/Cart/Add/Interceptor.php(23): Magento\Checkout\Controller\Cart\Add\Interceptor->___callPlugins()
#9 /var/www/html/magento2./vendor/magento/framework/App/Action/Action.php(111): Magento\Checkout\Controller\Cart\Add\Interceptor->execute()
#10 /var/www/html/magento2./vendor/magento/framework/Interception/Interceptor.php(58): Magento\Framework\App\Action\Action->dispatch()
#11 /var/www/html/magento2./vendor/magento/framework/Interception/Interceptor.php(138): Magento\Checkout\Controller\Cart\Add\Interceptor->___callParent()
#12 /var/www/html/magento2./vendor/magento/framework/Interception/Interceptor.php(153): Magento\Checkout\Controller\Cart\Add\Interceptor->Magento\Framework\Interception\{closure}()
#13 /var/www/html/magento2./generated/code/Magento/Checkout/Controller/Cart/Add/Interceptor.php(32): Magento\Checkout\Controller\Cart\Add\Interceptor->___callPlugins()
#14 /var/www/html/magento2./vendor/magento/framework/App/FrontController.php(245): Magento\Checkout\Controller\Cart\Add\Interceptor->dispatch()
#15 /var/www/html/magento2./vendor/magento/framework/App/FrontController.php(212): Magento\Framework\App\FrontController->getActionResponse()
#16 /var/www/html/magento2./vendor/magento/framework/App/FrontController.php(147): Magento\Framework\App\FrontController->processRequest()
#17 /var/www/html/magento2./vendor/magento/framework/Interception/Interceptor.php(58): Magento\Framework\App\FrontController->dispatch()
#18 /var/www/html/magento2./vendor/magento/framework/Interception/Interceptor.php(138): Magento\Framework\App\FrontController\Interceptor->___callParent()
#19 /var/www/html/magento2./vendor/magento/module-store/App/FrontController/Plugin/RequestPreprocessor.php(99): Magento\Framework\App\FrontController\Interceptor->Magento\Framework\Interception\{closure}()
#20 /var/www/html/magento2./vendor/magento/framework/Interception/Interceptor.php(135): Magento\Store\App\FrontController\Plugin\RequestPreprocessor->aroundDispatch()
#21 /var/www/html/magento2./vendor/magento/module-page-cache/Model/App/FrontController/BuiltinPlugin.php(75): Magento\Framework\App\FrontController\Interceptor->Magento\Framework\Interception\{closure}()
#22 /var/www/html/magento2./vendor/magento/framework/Interception/Interceptor.php(135): Magento\PageCache\Model\App\FrontController\BuiltinPlugin->aroundDispatch()
#23 /var/www/html/magento2./vendor/magento/framework/Interception/Interceptor.php(153): Magento\Framework\App\FrontController\Interceptor->Magento\Framework\Interception\{closure}()
#24 /var/www/html/magento2./generated/code/Magento/Framework/App/FrontController/Interceptor.php(23): Magento\Framework\App\FrontController\Interceptor->___callPlugins()
#25 /var/www/html/magento2./vendor/magento/framework/App/Http.php(116): Magento\Framework\App\FrontController\Interceptor->dispatch()
#26 /var/www/html/magento2./generated/code/Magento/Framework/App/Http/Interceptor.php(23): Magento\Framework\App\Http->launch()
#27 /var/www/html/magento2./vendor/magento/framework/App/Bootstrap.php(264): Magento\Framework\App\Http\Interceptor->launch()
#28 /var/www/html/magento2./pub/index.php(30): Magento\Framework\App\Bootstrap->run()
#29 {main} {"exception":"[object] (Exception(code: 0): Warning: Array to string conversion in /var/www/html/magento2./app/code/Htc/Plugin/Plugin/ExamplePlugin.php on line 21 at /var/www/html/magento2./vendor/magento/framework/App/ErrorHandler.php:62)"} []
[2023-04-17T10:36:30.445351+00:00] main.CRITICAL: Exception: Warning: Array to string conversion in /var/www/html/magento2./app/code/Htc/Plugin/Plugin/ExamplePlugin.php on line 21 in /var/www/html/magento2./vendor/magento/framework/App/ErrorHandler.php:62
Stack trace:
#0 /var/www/html/magento2./app/code/Htc/Plugin/Plugin/ExamplePlugin.php(21): Magento\Framework\App\ErrorHandler->handler()
#1 /var/www/html/magento2./vendor/magento/framework/Interception/Interceptor.php(135): Htc\Plugin\Plugin\ExamplePlugin->aroundAddComplexSuccessMessage()
#2 /var/www/html/magento2./vendor/magento/framework/Interception/Interceptor.php(153): Magento\Framework\Message\Manager\Interceptor->Magento\Framework\Interception\{closure}()
#3 /var/www/html/magento2./generated/code/Magento/Framework/Message/Manager/Interceptor.php(194): Magento\Framework\Message\Manager\Interceptor->___callPlugins()
#4 /var/www/html/magento2./vendor/magento/module-checkout/Controller/Cart/Add.php(152): Magento\Framework\Message\Manager\Interceptor->addComplexSuccessMessage()
#5 /var/www/html/magento2./vendor/magento/framework/Interception/Interceptor.php(58): Magento\Checkout\Controller\Cart\Add->execute()
#6 /var/www/html/magento2./vendor/magento/framework/Interception/Interceptor.php(138): Magento\Checkout\Controller\Cart\Add\Interceptor->___callParent()
#7 /var/www/html/magento2./vendor/magento/framework/Interception/Interceptor.php(153): Magento\Checkout\Controller\Cart\Add\Interceptor->Magento\Framework\Interception\{closure}()
#8 /var/www/html/magento2./generated/code/Magento/Checkout/Controller/Cart/Add/Interceptor.php(23): Magento\Checkout\Controller\Cart\Add\Interceptor->___callPlugins()
#9 /var/www/html/magento2./vendor/magento/framework/App/Action/Action.php(111): Magento\Checkout\Controller\Cart\Add\Interceptor->execute()
#10 /var/www/html/magento2./vendor/magento/framework/Interception/Interceptor.php(58): Magento\Framework\App\Action\Action->dispatch()
#11 /var/www/html/magento2./vendor/magento/framework/Interception/Interceptor.php(138): Magento\Checkout\Controller\Cart\Add\Interceptor->___callParent()
#12 /var/www/html/magento2./vendor/magento/framework/Interception/Interceptor.php(153): Magento\Checkout\Controller\Cart\Add\Interceptor->Magento\Framework\Interception\{closure}()
#13 /var/www/html/magento2./generated/code/Magento/Checkout/Controller/Cart/Add/Interceptor.php(32): Magento\Checkout\Controller\Cart\Add\Interceptor->___callPlugins()
#14 /var/www/html/magento2./vendor/magento/framework/App/FrontController.php(245): Magento\Checkout\Controller\Cart\Add\Interceptor->dispatch()
#15 /var/www/html/magento2./vendor/magento/framework/App/FrontController.php(212): Magento\Framework\App\FrontController->getActionResponse()
#16 /var/www/html/magento2./vendor/magento/framework/App/FrontController.php(147): Magento\Framework\App\FrontController->processRequest()
#17 /var/www/html/magento2./vendor/magento/framework/Interception/Interceptor.php(58): Magento\Framework\App\FrontController->dispatch()
#18 /var/www/html/magento2./vendor/magento/framework/Interception/Interceptor.php(138): Magento\Framework\App\FrontController\Interceptor->___callParent()
#19 /var/www/html/magento2./vendor/magento/module-store/App/FrontController/Plugin/RequestPreprocessor.php(99): Magento\Framework\App\FrontController\Interceptor->Magento\Framework\Interception\{closure}()
#20 /var/www/html/magento2./vendor/magento/framework/Interception/Interceptor.php(135): Magento\Store\App\FrontController\Plugin\RequestPreprocessor->aroundDispatch()
#21 /var/www/html/magento2./vendor/magento/module-page-cache/Model/App/FrontController/BuiltinPlugin.php(75): Magento\Framework\App\FrontController\Interceptor->Magento\Framework\Interception\{closure}()
#22 /var/www/html/magento2./vendor/magento/framework/Interception/Interceptor.php(135): Magento\PageCache\Model\App\FrontController\BuiltinPlugin->aroundDispatch()
#23 /var/www/html/magento2./vendor/magento/framework/Interception/Interceptor.php(153): Magento\Framework\App\FrontController\Interceptor->Magento\Framework\Interception\{closure}()
#24 /var/www/html/magento2./generated/code/Magento/Framework/App/FrontController/Interceptor.php(23): Magento\Framework\App\FrontController\Interceptor->___callPlugins()
#25 /var/www/html/magento2./vendor/magento/framework/App/Http.php(116): Magento\Framework\App\FrontController\Interceptor->dispatch()
#26 /var/www/html/magento2./generated/code/Magento/Framework/App/Http/Interceptor.php(23): Magento\Framework\App\Http->launch()
#27 /var/www/html/magento2./vendor/magento/framework/App/Bootstrap.php(264): Magento\Framework\App\Http\Interceptor->launch()
#28 /var/www/html/magento2./pub/index.php(30): Magento\Framework\App\Bootstrap->run()
#29 {main} {"exception":"[object] (Exception(code: 0): Warning: Array to string conversion in /var/www/html/magento2./app/code/Htc/Plugin/Plugin/ExamplePlugin.php on line 21 at /var/www/html/magento2./vendor/magento/framework/App/ErrorHandler.php:62)"} []
[2023-04-17T10:39:38.008704+00:00] main.CRITICAL: Exception: Warning: Array to string conversion in /var/www/html/magento2./app/code/Htc/Plugin/Plugin/ExamplePlugin.php on line 21 in /var/www/html/magento2./vendor/magento/framework/App/ErrorHandler.php:62
Stack trace:
#0 /var/www/html/magento2./app/code/Htc/Plugin/Plugin/ExamplePlugin.php(21): Magento\Framework\App\ErrorHandler->handler()
#1 /var/www/html/magento2./vendor/magento/framework/Interception/Interceptor.php(135): Htc\Plugin\Plugin\ExamplePlugin->aroundAddComplexSuccessMessage()
#2 /var/www/html/magento2./vendor/magento/framework/Interception/Interceptor.php(153): Magento\Framework\Message\Manager\Interceptor->Magento\Framework\Interception\{closure}()
#3 /var/www/html/magento2./generated/code/Magento/Framework/Message/Manager/Interceptor.php(194): Magento\Framework\Message\Manager\Interceptor->___callPlugins()
#4 /var/www/html/magento2./vendor/magento/module-checkout/Controller/Cart/Add.php(152): Magento\Framework\Message\Manager\Interceptor->addComplexSuccessMessage()
#5 /var/www/html/magento2./vendor/magento/framework/Interception/Interceptor.php(58): Magento\Checkout\Controller\Cart\Add->execute()
#6 /var/www/html/magento2./vendor/magento/framework/Interception/Interceptor.php(138): Magento\Checkout\Controller\Cart\Add\Interceptor->___callParent()
#7 /var/www/html/magento2./vendor/magento/framework/Interception/Interceptor.php(153): Magento\Checkout\Controller\Cart\Add\Interceptor->Magento\Framework\Interception\{closure}()
#8 /var/www/html/magento2./generated/code/Magento/Checkout/Controller/Cart/Add/Interceptor.php(23): Magento\Checkout\Controller\Cart\Add\Interceptor->___callPlugins()
#9 /var/www/html/magento2./vendor/magento/framework/App/Action/Action.php(111): Magento\Checkout\Controller\Cart\Add\Interceptor->execute()
#10 /var/www/html/magento2./vendor/magento/framework/Interception/Interceptor.php(58): Magento\Framework\App\Action\Action->dispatch()
#11 /var/www/html/magento2./vendor/magento/framework/Interception/Interceptor.php(138): Magento\Checkout\Controller\Cart\Add\Interceptor->___callParent()
#12 /var/www/html/magento2./vendor/magento/framework/Interception/Interceptor.php(153): Magento\Checkout\Controller\Cart\Add\Interceptor->Magento\Framework\Interception\{closure}()
#13 /var/www/html/magento2./generated/code/Magento/Checkout/Controller/Cart/Add/Interceptor.php(32): Magento\Checkout\Controller\Cart\Add\Interceptor->___callPlugins()
#14 /var/www/html/magento2./vendor/magento/framework/App/FrontController.php(245): Magento\Checkout\Controller\Cart\Add\Interceptor->dispatch()
#15 /var/www/html/magento2./vendor/magento/framework/App/FrontController.php(212): Magento\Framework\App\FrontController->getActionResponse()
#16 /var/www/html/magento2./vendor/magento/framework/App/FrontController.php(147): Magento\Framework\App\FrontController->processRequest()
#17 /var/www/html/magento2./vendor/magento/framework/Interception/Interceptor.php(58): Magento\Framework\App\FrontController->dispatch()
#18 /var/www/html/magento2./vendor/magento/framework/Interception/Interceptor.php(138): Magento\Framework\App\FrontController\Interceptor->___callParent()
#19 /var/www/html/magento2./vendor/magento/module-store/App/FrontController/Plugin/RequestPreprocessor.php(99): Magento\Framework\App\FrontController\Interceptor->Magento\Framework\Interception\{closure}()
#20 /var/www/html/magento2./vendor/magento/framework/Interception/Interceptor.php(135): Magento\Store\App\FrontController\Plugin\RequestPreprocessor->aroundDispatch()
#21 /var/www/html/magento2./vendor/magento/module-page-cache/Model/App/FrontController/BuiltinPlugin.php(75): Magento\Framework\App\FrontController\Interceptor->Magento\Framework\Interception\{closure}()
#22 /var/www/html/magento2./vendor/magento/framework/Interception/Interceptor.php(135): Magento\PageCache\Model\App\FrontController\BuiltinPlugin->aroundDispatch()
#23 /var/www/html/magento2./vendor/magento/framework/Interception/Interceptor.php(153): Magento\Framework\App\FrontController\Interceptor->Magento\Framework\Interception\{closure}()
#24 /var/www/html/magento2./generated/code/Magento/Framework/App/FrontController/Interceptor.php(23): Magento\Framework\App\FrontController\Interceptor->___callPlugins()
#25 /var/www/html/magento2./vendor/magento/framework/App/Http.php(116): Magento\Framework\App\FrontController\Interceptor->dispatch()
#26 /var/www/html/magento2./generated/code/Magento/Framework/App/Http/Interceptor.php(23): Magento\Framework\App\Http->launch()
#27 /var/www/html/magento2./vendor/magento/framework/App/Bootstrap.php(264): Magento\Framework\App\Http\Interceptor->launch()
#28 /var/www/html/magento2./pub/index.php(30): Magento\Framework\App\Bootstrap->run()
#29 {main} {"exception":"[object] (Exception(code: 0): Warning: Array to string conversion in /var/www/html/magento2./app/code/Htc/Plugin/Plugin/ExamplePlugin.php on line 21 at /var/www/html/magento2./vendor/magento/framework/App/ErrorHandler.php:62)"} []
[2023-04-17T10:39:40.323552+00:00] main.CRITICAL: Exception: Warning: Array to string conversion in /var/www/html/magento2./app/code/Htc/Plugin/Plugin/ExamplePlugin.php on line 21 in /var/www/html/magento2./vendor/magento/framework/App/ErrorHandler.php:62
Stack trace:
#0 /var/www/html/magento2./app/code/Htc/Plugin/Plugin/ExamplePlugin.php(21): Magento\Framework\App\ErrorHandler->handler()
#1 /var/www/html/magento2./vendor/magento/framework/Interception/Interceptor.php(135): Htc\Plugin\Plugin\ExamplePlugin->aroundAddComplexSuccessMessage()
#2 /var/www/html/magento2./vendor/magento/framework/Interception/Interceptor.php(153): Magento\Framework\Message\Manager\Interceptor->Magento\Framework\Interception\{closure}()
#3 /var/www/html/magento2./generated/code/Magento/Framework/Message/Manager/Interceptor.php(194): Magento\Framework\Message\Manager\Interceptor->___callPlugins()
#4 /var/www/html/magento2./vendor/magento/module-checkout/Controller/Cart/Add.php(152): Magento\Framework\Message\Manager\Interceptor->addComplexSuccessMessage()
#5 /var/www/html/magento2./vendor/magento/framework/Interception/Interceptor.php(58): Magento\Checkout\Controller\Cart\Add->execute()
#6 /var/www/html/magento2./vendor/magento/framework/Interception/Interceptor.php(138): Magento\Checkout\Controller\Cart\Add\Interceptor->___callParent()
#7 /var/www/html/magento2./vendor/magento/framework/Interception/Interceptor.php(153): Magento\Checkout\Controller\Cart\Add\Interceptor->Magento\Framework\Interception\{closure}()
#8 /var/www/html/magento2./generated/code/Magento/Checkout/Controller/Cart/Add/Interceptor.php(23): Magento\Checkout\Controller\Cart\Add\Interceptor->___callPlugins()
#9 /var/www/html/magento2./vendor/magento/framework/App/Action/Action.php(111): Magento\Checkout\Controller\Cart\Add\Interceptor->execute()
#10 /var/www/html/magento2./vendor/magento/framework/Interception/Interceptor.php(58): Magento\Framework\App\Action\Action->dispatch()
#11 /var/www/html/magento2./vendor/magento/framework/Interception/Interceptor.php(138): Magento\Checkout\Controller\Cart\Add\Interceptor->___callParent()
#12 /var/www/html/magento2./vendor/magento/framework/Interception/Interceptor.php(153): Magento\Checkout\Controller\Cart\Add\Interceptor->Magento\Framework\Interception\{closure}()
#13 /var/www/html/magento2./generated/code/Magento/Checkout/Controller/Cart/Add/Interceptor.php(32): Magento\Checkout\Controller\Cart\Add\Interceptor->___callPlugins()
#14 /var/www/html/magento2./vendor/magento/framework/App/FrontController.php(245): Magento\Checkout\Controller\Cart\Add\Interceptor->dispatch()
#15 /var/www/html/magento2./vendor/magento/framework/App/FrontController.php(212): Magento\Framework\App\FrontController->getActionResponse()
#16 /var/www/html/magento2./vendor/magento/framework/App/FrontController.php(147): Magento\Framework\App\FrontController->processRequest()
#17 /var/www/html/magento2./vendor/magento/framework/Interception/Interceptor.php(58): Magento\Framework\App\FrontController->dispatch()
#18 /var/www/html/magento2./vendor/magento/framework/Interception/Interceptor.php(138): Magento\Framework\App\FrontController\Interceptor->___callParent()
#19 /var/www/html/magento2./vendor/magento/module-store/App/FrontController/Plugin/RequestPreprocessor.php(99): Magento\Framework\App\FrontController\Interceptor->Magento\Framework\Interception\{closure}()
#20 /var/www/html/magento2./vendor/magento/framework/Interception/Interceptor.php(135): Magento\Store\App\FrontController\Plugin\RequestPreprocessor->aroundDispatch()
#21 /var/www/html/magento2./vendor/magento/module-page-cache/Model/App/FrontController/BuiltinPlugin.php(75): Magento\Framework\App\FrontController\Interceptor->Magento\Framework\Interception\{closure}()
#22 /var/www/html/magento2./vendor/magento/framework/Interception/Interceptor.php(135): Magento\PageCache\Model\App\FrontController\BuiltinPlugin->aroundDispatch()
#23 /var/www/html/magento2./vendor/magento/framework/Interception/Interceptor.php(153): Magento\Framework\App\FrontController\Interceptor->Magento\Framework\Interception\{closure}()
#24 /var/www/html/magento2./generated/code/Magento/Framework/App/FrontController/Interceptor.php(23): Magento\Framework\App\FrontController\Interceptor->___callPlugins()
#25 /var/www/html/magento2./vendor/magento/framework/App/Http.php(116): Magento\Framework\App\FrontController\Interceptor->dispatch()
#26 /var/www/html/magento2./generated/code/Magento/Framework/App/Http/Interceptor.php(23): Magento\Framework\App\Http->launch()
#27 /var/www/html/magento2./vendor/magento/framework/App/Bootstrap.php(264): Magento\Framework\App\Http\Interceptor->launch()
#28 /var/www/html/magento2./pub/index.php(30): Magento\Framework\App\Bootstrap->run()
#29 {main} {"exception":"[object] (Exception(code: 0): Warning: Array to string conversion in /var/www/html/magento2./app/code/Htc/Plugin/Plugin/ExamplePlugin.php on line 21 at /var/www/html/magento2./vendor/magento/framework/App/ErrorHandler.php:62)"} []
[2023-04-17T10:39:42.291040+00:00] main.CRITICAL: Exception: Warning: Array to string conversion in /var/www/html/magento2./app/code/Htc/Plugin/Plugin/ExamplePlugin.php on line 21 in /var/www/html/magento2./vendor/magento/framework/App/ErrorHandler.php:62
Stack trace:
#0 /var/www/html/magento2./app/code/Htc/Plugin/Plugin/ExamplePlugin.php(21): Magento\Framework\App\ErrorHandler->handler()
#1 /var/www/html/magento2./vendor/magento/framework/Interception/Interceptor.php(135): Htc\Plugin\Plugin\ExamplePlugin->aroundAddComplexSuccessMessage()
#2 /var/www/html/magento2./vendor/magento/framework/Interception/Interceptor.php(153): Magento\Framework\Message\Manager\Interceptor->Magento\Framework\Interception\{closure}()
#3 /var/www/html/magento2./generated/code/Magento/Framework/Message/Manager/Interceptor.php(194): Magento\Framework\Message\Manager\Interceptor->___callPlugins()
#4 /var/www/html/magento2./vendor/magento/module-checkout/Controller/Cart/Add.php(152): Magento\Framework\Message\Manager\Interceptor->addComplexSuccessMessage()
#5 /var/www/html/magento2./vendor/magento/framework/Interception/Interceptor.php(58): Magento\Checkout\Controller\Cart\Add->execute()
#6 /var/www/html/magento2./vendor/magento/framework/Interception/Interceptor.php(138): Magento\Checkout\Controller\Cart\Add\Interceptor->___callParent()
#7 /var/www/html/magento2./vendor/magento/framework/Interception/Interceptor.php(153): Magento\Checkout\Controller\Cart\Add\Interceptor->Magento\Framework\Interception\{closure}()
#8 /var/www/html/magento2./generated/code/Magento/Checkout/Controller/Cart/Add/Interceptor.php(23): Magento\Checkout\Controller\Cart\Add\Interceptor->___callPlugins()
#9 /var/www/html/magento2./vendor/magento/framework/App/Action/Action.php(111): Magento\Checkout\Controller\Cart\Add\Interceptor->execute()
#10 /var/www/html/magento2./vendor/magento/framework/Interception/Interceptor.php(58): Magento\Framework\App\Action\Action->dispatch()
#11 /var/www/html/magento2./vendor/magento/framework/Interception/Interceptor.php(138): Magento\Checkout\Controller\Cart\Add\Interceptor->___callParent()
#12 /var/www/html/magento2./vendor/magento/framework/Interception/Interceptor.php(153): Magento\Checkout\Controller\Cart\Add\Interceptor->Magento\Framework\Interception\{closure}()
#13 /var/www/html/magento2./generated/code/Magento/Checkout/Controller/Cart/Add/Interceptor.php(32): Magento\Checkout\Controller\Cart\Add\Interceptor->___callPlugins()
#14 /var/www/html/magento2./vendor/magento/framework/App/FrontController.php(245): Magento\Checkout\Controller\Cart\Add\Interceptor->dispatch()
#15 /var/www/html/magento2./vendor/magento/framework/App/FrontController.php(212): Magento\Framework\App\FrontController->getActionResponse()
#16 /var/www/html/magento2./vendor/magento/framework/App/FrontController.php(147): Magento\Framework\App\FrontController->processRequest()
#17 /var/www/html/magento2./vendor/magento/framework/Interception/Interceptor.php(58): Magento\Framework\App\FrontController->dispatch()
#18 /var/www/html/magento2./vendor/magento/framework/Interception/Interceptor.php(138): Magento\Framework\App\FrontController\Interceptor->___callParent()
#19 /var/www/html/magento2./vendor/magento/module-store/App/FrontController/Plugin/RequestPreprocessor.php(99): Magento\Framework\App\FrontController\Interceptor->Magento\Framework\Interception\{closure}()
#20 /var/www/html/magento2./vendor/magento/framework/Interception/Interceptor.php(135): Magento\Store\App\FrontController\Plugin\RequestPreprocessor->aroundDispatch()
#21 /var/www/html/magento2./vendor/magento/module-page-cache/Model/App/FrontController/BuiltinPlugin.php(75): Magento\Framework\App\FrontController\Interceptor->Magento\Framework\Interception\{closure}()
#22 /var/www/html/magento2./vendor/magento/framework/Interception/Interceptor.php(135): Magento\PageCache\Model\App\FrontController\BuiltinPlugin->aroundDispatch()
#23 /var/www/html/magento2./vendor/magento/framework/Interception/Interceptor.php(153): Magento\Framework\App\FrontController\Interceptor->Magento\Framework\Interception\{closure}()
#24 /var/www/html/magento2./generated/code/Magento/Framework/App/FrontController/Interceptor.php(23): Magento\Framework\App\FrontController\Interceptor->___callPlugins()
#25 /var/www/html/magento2./vendor/magento/framework/App/Http.php(116): Magento\Framework\App\FrontController\Interceptor->dispatch()
#26 /var/www/html/magento2./generated/code/Magento/Framework/App/Http/Interceptor.php(23): Magento\Framework\App\Http->launch()
#27 /var/www/html/magento2./vendor/magento/framework/App/Bootstrap.php(264): Magento\Framework\App\Http\Interceptor->launch()
#28 /var/www/html/magento2./pub/index.php(30): Magento\Framework\App\Bootstrap->run()
#29 {main} {"exception":"[object] (Exception(code: 0): Warning: Array to string conversion in /var/www/html/magento2./app/code/Htc/Plugin/Plugin/ExamplePlugin.php on line 21 at /var/www/html/magento2./vendor/magento/framework/App/ErrorHandler.php:62)"} []
